<?xml version="1.0" encoding="UTF-8"?>
<testsuite xmlns:xsi="http://www.w3.org/2001/XMLSchema-instance" xsi:noNamespaceSchemaLocation="https://maven.apache.org/surefire/maven-failsafe-plugin/xsd/failsafe-test-report-3.0.xsd" version="3.0" name="starter.CucumberTestSuite" time="86.48" tests="10" errors="0" skipped="0" failures="0">
  <properties>
[...]
</properties>
  <testcase name="user click field email" classname="sebagai user saya berhasil melihat detail produk berdasarkan kategori" time="51.608">
    <system-out><![CDATA[13:55:40.820 [main] DEBUG net.thucydides.core.guice.Injectors - Created injector for module net.thucydides.core.guice.ThucydidesModule
13:55:41.330 [main] DEBUG io.cucumber.core.plugin.SerenityReporter - Running feature from file:///D:/D/QE_Alta/Balink/src/test/resources/features/ShopPilihKategori.feature
13:55:41.651 [main] DEBUG net.thucydides.core.guice.Injectors - Created injector for module net.thucydides.core.guice.webdriver.WebDriverModule
13:55:41.672 [main] INFO  - 

-------------------------------------------------------------------------------------
     _______. _______ .______       _______ .__   __.  __  .___________.____    ____ 
    /       ||   ____||   _  \     |   ____||  \ |  | |  | |           |\   \  /   / 
   |   (----`|  |__   |  |_)  |    |  |__   |   \|  | |  | `---|  |----` \   \/   /  
    \   \    |   __|  |      /     |   __|  |  . `  | |  |     |  |       \_    _/   
.----)   |   |  |____ |  |\  \----.|  |____ |  |\   | |  |     |  |         |  |     
|_______/    |_______|| _| `._____||_______||__| \__| |__|     |__|         |__|    
                                                                                     
 News and tutorials at http://www.serenity-bdd.info                                  
 Documentation at https://wakaleo.gitbooks.io/the-serenity-book/content/             
 Join the Serenity Community on Gitter: https://gitter.im/serenity-bdd/serenity-core 
 Serenity BDD Support and Training at http://serenity-bdd.info/#/trainingandsupport  
-------------------------------------------------------------------------------------

13:55:41.677 [main] DEBUG net.thucydides.core.steps.StepEventBus - Test suite started for story net.thucydides.core.model.Story@32d4dd71
13:55:41.679 [main] INFO  - Test Suite Started: sebagai user saya berhasil melihat detail produk berdasarkan kategori
13:55:41.736 [main] DEBUG io.cucumber.core.plugin.SerenityReporter - Running feature from file:///D:/D/QE_Alta/Balink/src/test/resources/features/ShopPilihKategori.feature
13:55:41.740 [main] DEBUG net.thucydides.core.steps.StepEventBus - Test suite started for story net.thucydides.core.model.Story@32d4dd71
13:55:41.740 [main] INFO  - Test Suite Started: sebagai user saya berhasil melihat detail produk berdasarkan kategori
13:55:41.971 [main] DEBUG io.cucumber.core.plugin.SerenityReporter - Running feature from file:///D:/D/QE_Alta/Balink/src/test/resources/features/ShopPilihKategori.feature
13:55:42.257 [main] INFO  - 
  _____   ___   ___   _____     ___   _____     _     ___   _____   ___   ___  
 |_   _| | __| / __| |_   _|   / __| |_   _|   /_\   | _ \ |_   _| | __| |   \ 
   | |   | _|  \__ \   | |     \__ \   | |    / _ \  |   /   | |   | _|  | |) |
   |_|   |___| |___/   |_|     |___/   |_|   /_/ \_\ |_|_\   |_|   |___| |___/ 

sebagai user saya berhasil melihat detail produk berdasarkan kategori(sebagai-user-saya-berhasil-melihat-detail-produk-berdasarkan-kategori;sebagai-user-saya-berhasil-melihat-detail-produk-berdasarkan-kategori)
--------------------------------------------------------------------------------
13:55:42.357 [main] DEBUG net.thucydides.core.requirements.model.cucumber.CucumberParser - Loading feature D:\D\QE_Alta\Balink\src\test\resources\features\ShopPilihKategori.feature
13:55:45.151 [main] DEBUG io.netty.util.internal.logging.InternalLoggerFactory - Using SLF4J as the default logging framework
13:55:45.165 [main] DEBUG io.netty.util.ResourceLeakDetector - -Dio.netty.leakDetection.level: simple
13:55:45.166 [main] DEBUG io.netty.util.ResourceLeakDetector - -Dio.netty.leakDetection.targetRecords: 4
13:55:45.187 [main] DEBUG io.netty.util.ResourceLeakDetectorFactory - Loaded default ResourceLeakDetector: io.netty.util.ResourceLeakDetector@3ffb3598
13:55:45.247 [main] DEBUG io.netty.util.internal.PlatformDependent0 - -Dio.netty.noUnsafe: false
13:55:45.248 [main] DEBUG io.netty.util.internal.PlatformDependent0 - Java version: 8
13:55:45.249 [main] DEBUG io.netty.util.internal.PlatformDependent0 - sun.misc.Unsafe.theUnsafe: available
13:55:45.251 [main] DEBUG io.netty.util.internal.PlatformDependent0 - sun.misc.Unsafe.copyMemory: available
13:55:45.253 [main] DEBUG io.netty.util.internal.PlatformDependent0 - sun.misc.Unsafe.storeFence: available
13:55:45.254 [main] DEBUG io.netty.util.internal.PlatformDependent0 - java.nio.Buffer.address: available
13:55:45.255 [main] DEBUG io.netty.util.internal.PlatformDependent0 - direct buffer constructor: available
13:55:45.257 [main] DEBUG io.netty.util.internal.PlatformDependent0 - java.nio.Bits.unaligned: available, true
13:55:45.258 [main] DEBUG io.netty.util.internal.PlatformDependent0 - jdk.internal.misc.Unsafe.allocateUninitializedArray(int): unavailable prior to Java9
13:55:45.259 [main] DEBUG io.netty.util.internal.PlatformDependent0 - java.nio.DirectByteBuffer.<init>(long, int): available
13:55:45.259 [main] DEBUG io.netty.util.internal.PlatformDependent - sun.misc.Unsafe: available
13:55:45.260 [main] DEBUG io.netty.util.internal.PlatformDependent - -Dio.netty.tmpdir: C:\Users\ADWUSE~1\AppData\Local\Temp (java.io.tmpdir)
13:55:45.261 [main] DEBUG io.netty.util.internal.PlatformDependent - -Dio.netty.bitMode: 64 (sun.arch.data.model)
13:55:45.261 [main] DEBUG io.netty.util.internal.PlatformDependent - Platform: Windows
13:55:45.263 [main] DEBUG io.netty.util.internal.PlatformDependent - -Dio.netty.maxDirectMemory: 1840250880 bytes
13:55:45.263 [main] DEBUG io.netty.util.internal.PlatformDependent - -Dio.netty.uninitializedArrayAllocationThreshold: -1
13:55:45.266 [main] DEBUG io.netty.util.internal.CleanerJava6 - java.nio.ByteBuffer.cleaner(): available
13:55:45.267 [main] DEBUG io.netty.util.internal.PlatformDependent - -Dio.netty.noPreferDirect: false
13:55:45.302 [main] DEBUG io.netty.util.internal.PlatformDependent - org.jctools-core.MpscChunkedArrayQueue: available
13:55:45.428 [main] DEBUG io.netty.util.internal.InternalThreadLocalMap - -Dio.netty.threadLocalMap.stringBuilder.initialSize: 1024
13:55:45.429 [main] DEBUG io.netty.util.internal.InternalThreadLocalMap - -Dio.netty.threadLocalMap.stringBuilder.maxSize: 4096
13:55:46.613 [main] DEBUG io.netty.handler.ssl.JdkSslContext - Default protocols (JDK): [TLSv1.2, TLSv1.1, TLSv1] 
13:55:46.614 [main] DEBUG io.netty.handler.ssl.JdkSslContext - Default cipher suites (JDK): [TLS_ECDHE_ECDSA_WITH_AES_256_GCM_SHA384, TLS_ECDHE_ECDSA_WITH_AES_128_GCM_SHA256, TLS_ECDHE_RSA_WITH_AES_128_GCM_SHA256, TLS_ECDHE_RSA_WITH_AES_256_GCM_SHA384, TLS_ECDHE_RSA_WITH_AES_128_CBC_SHA, TLS_ECDHE_RSA_WITH_AES_256_CBC_SHA, TLS_RSA_WITH_AES_128_GCM_SHA256, TLS_RSA_WITH_AES_128_CBC_SHA, TLS_RSA_WITH_AES_256_CBC_SHA]
13:55:46.687 [main] DEBUG io.netty.util.concurrent.GlobalEventExecutor - -Dio.netty.globalEventExecutor.quietPeriodSeconds: 1
13:55:46.764 [main] DEBUG io.netty.channel.MultithreadEventLoopGroup - -Dio.netty.eventLoopThreads: 8
13:55:46.820 [main] DEBUG io.netty.channel.nio.NioEventLoop - -Dio.netty.noKeySetOptimization: false
13:55:46.820 [main] DEBUG io.netty.channel.nio.NioEventLoop - -Dio.netty.selectorAutoRebuildThreshold: 512
13:55:47.086 [main] DEBUG io.netty.buffer.PooledByteBufAllocator - -Dio.netty.allocator.numHeapArenas: 8
13:55:47.086 [main] DEBUG io.netty.buffer.PooledByteBufAllocator - -Dio.netty.allocator.numDirectArenas: 8
13:55:47.086 [main] DEBUG io.netty.buffer.PooledByteBufAllocator - -Dio.netty.allocator.pageSize: 8192
13:55:47.086 [main] DEBUG io.netty.buffer.PooledByteBufAllocator - -Dio.netty.allocator.maxOrder: 9
13:55:47.086 [main] DEBUG io.netty.buffer.PooledByteBufAllocator - -Dio.netty.allocator.chunkSize: 4194304
13:55:47.087 [main] DEBUG io.netty.buffer.PooledByteBufAllocator - -Dio.netty.allocator.smallCacheSize: 256
13:55:47.087 [main] DEBUG io.netty.buffer.PooledByteBufAllocator - -Dio.netty.allocator.normalCacheSize: 64
13:55:47.087 [main] DEBUG io.netty.buffer.PooledByteBufAllocator - -Dio.netty.allocator.maxCachedBufferCapacity: 32768
13:55:47.088 [main] DEBUG io.netty.buffer.PooledByteBufAllocator - -Dio.netty.allocator.cacheTrimInterval: 8192
13:55:47.088 [main] DEBUG io.netty.buffer.PooledByteBufAllocator - -Dio.netty.allocator.cacheTrimIntervalMillis: 0
13:55:47.088 [main] DEBUG io.netty.buffer.PooledByteBufAllocator - -Dio.netty.allocator.useCacheForAllThreads: false
13:55:47.089 [main] DEBUG io.netty.buffer.PooledByteBufAllocator - -Dio.netty.allocator.maxCachedByteBuffersPerChunk: 1023
13:55:47.146 [main] DEBUG io.netty.buffer.ByteBufUtil - -Dio.netty.allocator.type: pooled
13:55:47.147 [main] DEBUG io.netty.buffer.ByteBufUtil - -Dio.netty.threadLocalDirectBufferSize: 0
13:55:47.147 [main] DEBUG io.netty.buffer.ByteBufUtil - -Dio.netty.maxThreadLocalCharBufferSize: 16384
13:55:47.754 [Forwarding newSession on session null to remote] DEBUG io.netty.channel.DefaultChannelId - -Dio.netty.processId: 6132 (auto-detected)
13:55:47.757 [Forwarding newSession on session null to remote] DEBUG io.netty.util.NetUtil - -Djava.net.preferIPv4Stack: false
13:55:47.757 [Forwarding newSession on session null to remote] DEBUG io.netty.util.NetUtil - -Djava.net.preferIPv6Addresses: false
13:55:48.127 [Forwarding newSession on session null to remote] DEBUG io.netty.util.NetUtilInitializations - Loopback interface: lo (Software Loopback Interface 1, 127.0.0.1)
13:55:48.129 [Forwarding newSession on session null to remote] DEBUG io.netty.util.NetUtil - Failed to get SOMAXCONN from sysctl and file \proc\sys\net\core\somaxconn. Default: 200
13:55:48.155 [Forwarding newSession on session null to remote] DEBUG io.netty.channel.DefaultChannelId - -Dio.netty.machineId: a4:02:b9:ff:fe:26:7f:1e (auto-detected)
13:55:48.273 [AsyncHttpClient-1-2] DEBUG io.netty.buffer.AbstractByteBuf - -Dio.netty.buffer.checkAccessible: true
13:55:48.274 [AsyncHttpClient-1-2] DEBUG io.netty.buffer.AbstractByteBuf - -Dio.netty.buffer.checkBounds: true
13:55:48.274 [AsyncHttpClient-1-2] DEBUG io.netty.util.ResourceLeakDetectorFactory - Loaded default ResourceLeakDetector: io.netty.util.ResourceLeakDetector@3ee797e4
13:55:48.318 [AsyncHttpClient-1-2] DEBUG org.asynchttpclient.netty.channel.NettyConnectListener - Using new Channel '[id: 0xedfc4e9b, L:/127.0.0.1:57192 - R:/127.0.0.1:4723]' for 'POST' to '/wd/hub/session'
13:55:48.365 [AsyncHttpClient-1-2] DEBUG io.netty.util.Recycler - -Dio.netty.recycler.maxCapacityPerThread: 4096
13:55:48.365 [AsyncHttpClient-1-2] DEBUG io.netty.util.Recycler - -Dio.netty.recycler.ratio: 8
13:55:48.365 [AsyncHttpClient-1-2] DEBUG io.netty.util.Recycler - -Dio.netty.recycler.chunkSize: 32
13:55:48.365 [AsyncHttpClient-1-2] DEBUG io.netty.util.Recycler - -Dio.netty.recycler.blocking: false
13:55:48.365 [AsyncHttpClient-1-2] DEBUG io.netty.util.Recycler - -Dio.netty.recycler.batchFastThreadLocalOnly: true
13:56:30.111 [AsyncHttpClient-1-2] DEBUG io.netty.handler.codec.compression.Brotli - brotli4j not in the classpath; Brotli support will be unavailable.
13:56:30.125 [AsyncHttpClient-1-2] DEBUG org.asynchttpclient.netty.handler.HttpHandler - 

Request DefaultHttpRequest(decodeResult: success, version: HTTP/1.1)
POST /wd/hub/session HTTP/1.1
X-Idempotency-Key: 2f4e223e-1934-4ec3-9d02-e23ef635aa8d
User-Agent: appium/8.3.0 (selenium/4.8.1 (java windows))
Content-Length: 291
Content-Type: application/json; charset=utf-8
host: 127.0.0.1:4723
accept: */*

Response DefaultHttpResponse(decodeResult: success, version: HTTP/1.1)
HTTP/1.1 200 OK
X-Powered-By: Express
Vary: X-HTTP-Method-Override
Content-Type: application/json; charset=utf-8
Content-Length: 924
ETag: W/"39c-3vg6pE+5QODc/7TaxNhJxK+/IvQ"
Date: Thu, 22 Jun 2023 06:56:29 GMT
Connection: keep-alive

13:56:30.212 [AsyncHttpClient-1-2] DEBUG org.asynchttpclient.netty.channel.ChannelManager - Adding key: http://127.0.0.1:4723 for channel [id: 0xedfc4e9b, L:/127.0.0.1:57192 - R:/127.0.0.1:4723]
13:56:30.622 [AsyncHttpClient-1-1] DEBUG org.asynchttpclient.netty.channel.DefaultChannelPool - Entry count for : http://127.0.0.1:4723 : 1
13:56:30.672 [Forwarding setTimeout on session e995314c-71c3-494d-9525-7c65c326857f to remote] DEBUG org.asynchttpclient.netty.request.NettyRequestSender - Using pooled Channel '[id: 0xedfc4e9b, L:/127.0.0.1:57192 - R:/127.0.0.1:4723]' for 'POST' to 'http://127.0.0.1:4723/wd/hub/session/e995314c-71c3-494d-9525-7c65c326857f/timeouts'
13:56:30.673 [Forwarding setTimeout on session e995314c-71c3-494d-9525-7c65c326857f to remote] DEBUG org.asynchttpclient.netty.request.NettyRequestSender - Using open Channel [id: 0xedfc4e9b, L:/127.0.0.1:57192 - R:/127.0.0.1:4723] for POST '/wd/hub/session/e995314c-71c3-494d-9525-7c65c326857f/timeouts'
13:56:30.700 [AsyncHttpClient-1-2] DEBUG org.asynchttpclient.netty.handler.HttpHandler - 

Request DefaultHttpRequest(decodeResult: success, version: HTTP/1.1)
POST /wd/hub/session/e995314c-71c3-494d-9525-7c65c326857f/timeouts HTTP/1.1
User-Agent: appium/8.3.0 (selenium/4.8.1 (java windows))
Content-Length: 23
Content-Type: application/json; charset=utf-8
host: 127.0.0.1:4723
accept: */*

Response DefaultHttpResponse(decodeResult: success, version: HTTP/1.1)
HTTP/1.1 200 OK
X-Powered-By: Express
Vary: X-HTTP-Method-Override
Content-Type: application/json; charset=utf-8
Content-Length: 14
ETag: W/"e-9/1BuKMgFObM1mWJm+YjxtXJnUM"
Date: Thu, 22 Jun 2023 06:56:30 GMT
Connection: keep-alive

13:56:30.701 [AsyncHttpClient-1-2] DEBUG org.asynchttpclient.netty.channel.ChannelManager - Adding key: http://127.0.0.1:4723 for channel [id: 0xedfc4e9b, L:/127.0.0.1:57192 - R:/127.0.0.1:4723]
13:56:30.731 [Forwarding findElement on session e995314c-71c3-494d-9525-7c65c326857f to remote] DEBUG org.asynchttpclient.netty.request.NettyRequestSender - Using pooled Channel '[id: 0xedfc4e9b, L:/127.0.0.1:57192 - R:/127.0.0.1:4723]' for 'POST' to 'http://127.0.0.1:4723/wd/hub/session/e995314c-71c3-494d-9525-7c65c326857f/element'
13:56:30.731 [Forwarding findElement on session e995314c-71c3-494d-9525-7c65c326857f to remote] DEBUG org.asynchttpclient.netty.request.NettyRequestSender - Using open Channel [id: 0xedfc4e9b, L:/127.0.0.1:57192 - R:/127.0.0.1:4723] for POST '/wd/hub/session/e995314c-71c3-494d-9525-7c65c326857f/element'
13:56:33.774 [AsyncHttpClient-1-2] DEBUG org.asynchttpclient.netty.handler.HttpHandler - 

Request DefaultHttpRequest(decodeResult: success, version: HTTP/1.1)
POST /wd/hub/session/e995314c-71c3-494d-9525-7c65c326857f/element HTTP/1.1
User-Agent: appium/8.3.0 (selenium/4.8.1 (java windows))
Content-Length: 328
Content-Type: application/json; charset=utf-8
host: 127.0.0.1:4723
accept: */*

Response DefaultHttpResponse(decodeResult: success, version: HTTP/1.1)
HTTP/1.1 200 OK
X-Powered-By: Express
Vary: X-HTTP-Method-Override
Content-Type: application/json; charset=utf-8
Content-Length: 137
ETag: W/"89-MqIRr/sCLqb72G1yagSju0HjT7k"
Date: Thu, 22 Jun 2023 06:56:33 GMT
Connection: keep-alive

13:56:33.775 [AsyncHttpClient-1-2] DEBUG org.asynchttpclient.netty.channel.ChannelManager - Adding key: http://127.0.0.1:4723 for channel [id: 0xedfc4e9b, L:/127.0.0.1:57192 - R:/127.0.0.1:4723]
13:56:33.806 [Forwarding isElementDisplayed on session e995314c-71c3-494d-9525-7c65c326857f to remote] DEBUG org.asynchttpclient.netty.request.NettyRequestSender - Using pooled Channel '[id: 0xedfc4e9b, L:/127.0.0.1:57192 - R:/127.0.0.1:4723]' for 'GET' to 'http://127.0.0.1:4723/wd/hub/session/e995314c-71c3-494d-9525-7c65c326857f/element/00000000-0000-0013-0000-000a00000003/displayed'
13:56:33.806 [Forwarding isElementDisplayed on session e995314c-71c3-494d-9525-7c65c326857f to remote] DEBUG org.asynchttpclient.netty.request.NettyRequestSender - Using open Channel [id: 0xedfc4e9b, L:/127.0.0.1:57192 - R:/127.0.0.1:4723] for GET '/wd/hub/session/e995314c-71c3-494d-9525-7c65c326857f/element/00000000-0000-0013-0000-000a00000003/displayed'
13:56:33.858 [AsyncHttpClient-1-2] DEBUG org.asynchttpclient.netty.handler.HttpHandler - 

Request DefaultFullHttpRequest(decodeResult: success, version: HTTP/1.1, content: EmptyByteBufBE)
GET /wd/hub/session/e995314c-71c3-494d-9525-7c65c326857f/element/00000000-0000-0013-0000-000a00000003/displayed HTTP/1.1
User-Agent: appium/8.3.0 (selenium/4.8.1 (java windows))
Cache-Control: no-cache
Content-Type: application/json; charset=utf-8
host: 127.0.0.1:4723
accept: */*

Response DefaultHttpResponse(decodeResult: success, version: HTTP/1.1)
HTTP/1.1 200 OK
X-Powered-By: Express
Content-Type: application/json; charset=utf-8
Content-Length: 14
ETag: W/"e-2ZHvAWebNQpyjGZTg6uyV8/spTo"
Date: Thu, 22 Jun 2023 06:56:33 GMT
Connection: keep-alive

13:56:33.859 [AsyncHttpClient-1-2] DEBUG org.asynchttpclient.netty.channel.ChannelManager - Adding key: http://127.0.0.1:4723 for channel [id: 0xedfc4e9b, L:/127.0.0.1:57192 - R:/127.0.0.1:4723]
13:56:33.862 [Forwarding isElementEnabled on session e995314c-71c3-494d-9525-7c65c326857f to remote] DEBUG org.asynchttpclient.netty.request.NettyRequestSender - Using pooled Channel '[id: 0xedfc4e9b, L:/127.0.0.1:57192 - R:/127.0.0.1:4723]' for 'GET' to 'http://127.0.0.1:4723/wd/hub/session/e995314c-71c3-494d-9525-7c65c326857f/element/00000000-0000-0013-0000-000a00000003/enabled'
13:56:33.862 [Forwarding isElementEnabled on session e995314c-71c3-494d-9525-7c65c326857f to remote] DEBUG org.asynchttpclient.netty.request.NettyRequestSender - Using open Channel [id: 0xedfc4e9b, L:/127.0.0.1:57192 - R:/127.0.0.1:4723] for GET '/wd/hub/session/e995314c-71c3-494d-9525-7c65c326857f/element/00000000-0000-0013-0000-000a00000003/enabled'
13:56:33.907 [AsyncHttpClient-1-2] DEBUG org.asynchttpclient.netty.handler.HttpHandler - 

Request DefaultFullHttpRequest(decodeResult: success, version: HTTP/1.1, content: EmptyByteBufBE)
GET /wd/hub/session/e995314c-71c3-494d-9525-7c65c326857f/element/00000000-0000-0013-0000-000a00000003/enabled HTTP/1.1
User-Agent: appium/8.3.0 (selenium/4.8.1 (java windows))
Cache-Control: no-cache
Content-Type: application/json; charset=utf-8
host: 127.0.0.1:4723
accept: */*

Response DefaultHttpResponse(decodeResult: success, version: HTTP/1.1)
HTTP/1.1 200 OK
X-Powered-By: Express
Content-Type: application/json; charset=utf-8
Content-Length: 14
ETag: W/"e-2ZHvAWebNQpyjGZTg6uyV8/spTo"
Date: Thu, 22 Jun 2023 06:56:33 GMT
Connection: keep-alive

13:56:33.908 [AsyncHttpClient-1-2] DEBUG org.asynchttpclient.netty.channel.ChannelManager - Adding key: http://127.0.0.1:4723 for channel [id: 0xedfc4e9b, L:/127.0.0.1:57192 - R:/127.0.0.1:4723]
13:56:33.911 [Forwarding clickElement on session e995314c-71c3-494d-9525-7c65c326857f to remote] DEBUG org.asynchttpclient.netty.request.NettyRequestSender - Using pooled Channel '[id: 0xedfc4e9b, L:/127.0.0.1:57192 - R:/127.0.0.1:4723]' for 'POST' to 'http://127.0.0.1:4723/wd/hub/session/e995314c-71c3-494d-9525-7c65c326857f/element/00000000-0000-0013-0000-000a00000003/click'
13:56:33.911 [Forwarding clickElement on session e995314c-71c3-494d-9525-7c65c326857f to remote] DEBUG org.asynchttpclient.netty.request.NettyRequestSender - Using open Channel [id: 0xedfc4e9b, L:/127.0.0.1:57192 - R:/127.0.0.1:4723] for POST '/wd/hub/session/e995314c-71c3-494d-9525-7c65c326857f/element/00000000-0000-0013-0000-000a00000003/click'
13:56:34.052 [AsyncHttpClient-1-2] DEBUG org.asynchttpclient.netty.handler.HttpHandler - 

Request DefaultHttpRequest(decodeResult: success, version: HTTP/1.1)
POST /wd/hub/session/e995314c-71c3-494d-9525-7c65c326857f/element/00000000-0000-0013-0000-000a00000003/click HTTP/1.1
User-Agent: appium/8.3.0 (selenium/4.8.1 (java windows))
Content-Length: 50
Content-Type: application/json; charset=utf-8
host: 127.0.0.1:4723
accept: */*

Response DefaultHttpResponse(decodeResult: success, version: HTTP/1.1)
HTTP/1.1 200 OK
X-Powered-By: Express
Vary: X-HTTP-Method-Override
Content-Type: application/json; charset=utf-8
Content-Length: 14
ETag: W/"e-9/1BuKMgFObM1mWJm+YjxtXJnUM"
Date: Thu, 22 Jun 2023 06:56:34 GMT
Connection: keep-alive

13:56:34.053 [AsyncHttpClient-1-2] DEBUG org.asynchttpclient.netty.channel.ChannelManager - Adding key: http://127.0.0.1:4723 for channel [id: 0xedfc4e9b, L:/127.0.0.1:57192 - R:/127.0.0.1:4723]
]]></system-out>
    <system-err><![CDATA[SLF4J: Class path contains multiple SLF4J bindings.
SLF4J: Found binding in [jar:file:/C:/Users/ADW%20User%20ACR/.m2/repository/ch/qos/logback/logback-classic/1.2.10/logback-classic-1.2.10.jar!/org/slf4j/impl/StaticLoggerBinder.class]
SLF4J: Found binding in [jar:file:/C:/Users/ADW%20User%20ACR/.m2/repository/org/slf4j/slf4j-simple/1.7.7/slf4j-simple-1.7.7.jar!/org/slf4j/impl/StaticLoggerBinder.class]
SLF4J: See http://www.slf4j.org/codes.html#multiple_bindings for an explanation.
SLF4J: Actual binding is of type [ch.qos.logback.classic.util.ContextSelectorStaticBinder]
]]></system-err>
  </testcase>
  <testcase name="user input valid email" classname="sebagai user saya berhasil melihat detail produk berdasarkan kategori" time="2.321">
    <system-out><![CDATA[13:56:34.172 [Forwarding findElement on session e995314c-71c3-494d-9525-7c65c326857f to remote] DEBUG org.asynchttpclient.netty.request.NettyRequestSender - Using pooled Channel '[id: 0xedfc4e9b, L:/127.0.0.1:57192 - R:/127.0.0.1:4723]' for 'POST' to 'http://127.0.0.1:4723/wd/hub/session/e995314c-71c3-494d-9525-7c65c326857f/element'
13:56:34.172 [Forwarding findElement on session e995314c-71c3-494d-9525-7c65c326857f to remote] DEBUG org.asynchttpclient.netty.request.NettyRequestSender - Using open Channel [id: 0xedfc4e9b, L:/127.0.0.1:57192 - R:/127.0.0.1:4723] for POST '/wd/hub/session/e995314c-71c3-494d-9525-7c65c326857f/element'
13:56:35.483 [AsyncHttpClient-1-2] DEBUG org.asynchttpclient.netty.handler.HttpHandler - 

Request DefaultHttpRequest(decodeResult: success, version: HTTP/1.1)
POST /wd/hub/session/e995314c-71c3-494d-9525-7c65c326857f/element HTTP/1.1
User-Agent: appium/8.3.0 (selenium/4.8.1 (java windows))
Content-Length: 328
Content-Type: application/json; charset=utf-8
host: 127.0.0.1:4723
accept: */*

Response DefaultHttpResponse(decodeResult: success, version: HTTP/1.1)
HTTP/1.1 200 OK
X-Powered-By: Express
Vary: X-HTTP-Method-Override
Content-Type: application/json; charset=utf-8
Content-Length: 137
ETag: W/"89-MqIRr/sCLqb72G1yagSju0HjT7k"
Date: Thu, 22 Jun 2023 06:56:35 GMT
Connection: keep-alive

13:56:35.484 [AsyncHttpClient-1-2] DEBUG org.asynchttpclient.netty.channel.ChannelManager - Adding key: http://127.0.0.1:4723 for channel [id: 0xedfc4e9b, L:/127.0.0.1:57192 - R:/127.0.0.1:4723]
13:56:35.499 [Forwarding sendKeysToElement on session e995314c-71c3-494d-9525-7c65c326857f to remote] DEBUG org.asynchttpclient.netty.request.NettyRequestSender - Using pooled Channel '[id: 0xedfc4e9b, L:/127.0.0.1:57192 - R:/127.0.0.1:4723]' for 'POST' to 'http://127.0.0.1:4723/wd/hub/session/e995314c-71c3-494d-9525-7c65c326857f/element/00000000-0000-0013-0000-000a00000003/value'
13:56:35.500 [Forwarding sendKeysToElement on session e995314c-71c3-494d-9525-7c65c326857f to remote] DEBUG org.asynchttpclient.netty.request.NettyRequestSender - Using open Channel [id: 0xedfc4e9b, L:/127.0.0.1:57192 - R:/127.0.0.1:4723] for POST '/wd/hub/session/e995314c-71c3-494d-9525-7c65c326857f/element/00000000-0000-0013-0000-000a00000003/value'
13:56:36.456 [AsyncHttpClient-1-2] DEBUG org.asynchttpclient.netty.handler.HttpHandler - 

Request DefaultHttpRequest(decodeResult: success, version: HTTP/1.1)
POST /wd/hub/session/e995314c-71c3-494d-9525-7c65c326857f/element/00000000-0000-0013-0000-000a00000003/value HTTP/1.1
User-Agent: appium/8.3.0 (selenium/4.8.1 (java windows))
Content-Length: 241
Content-Type: application/json; charset=utf-8
host: 127.0.0.1:4723
accept: */*

Response DefaultHttpResponse(decodeResult: success, version: HTTP/1.1)
HTTP/1.1 200 OK
X-Powered-By: Express
Vary: X-HTTP-Method-Override
Content-Type: application/json; charset=utf-8
Content-Length: 14
ETag: W/"e-9/1BuKMgFObM1mWJm+YjxtXJnUM"
Date: Thu, 22 Jun 2023 06:56:36 GMT
Connection: keep-alive

13:56:36.457 [AsyncHttpClient-1-2] DEBUG org.asynchttpclient.netty.channel.ChannelManager - Adding key: http://127.0.0.1:4723 for channel [id: 0xedfc4e9b, L:/127.0.0.1:57192 - R:/127.0.0.1:4723]
]]></system-out>
  </testcase>
  <testcase name="user click field password" classname="sebagai user saya berhasil melihat detail produk berdasarkan kategori" time="1.9">
    <system-out><![CDATA[13:56:36.484 [Forwarding findElement on session e995314c-71c3-494d-9525-7c65c326857f to remote] DEBUG org.asynchttpclient.netty.request.NettyRequestSender - Using pooled Channel '[id: 0xedfc4e9b, L:/127.0.0.1:57192 - R:/127.0.0.1:4723]' for 'POST' to 'http://127.0.0.1:4723/wd/hub/session/e995314c-71c3-494d-9525-7c65c326857f/element'
13:56:36.484 [Forwarding findElement on session e995314c-71c3-494d-9525-7c65c326857f to remote] DEBUG org.asynchttpclient.netty.request.NettyRequestSender - Using open Channel [id: 0xedfc4e9b, L:/127.0.0.1:57192 - R:/127.0.0.1:4723] for POST '/wd/hub/session/e995314c-71c3-494d-9525-7c65c326857f/element'
13:56:37.360 [AsyncHttpClient-1-2] DEBUG org.asynchttpclient.netty.handler.HttpHandler - 

Request DefaultHttpRequest(decodeResult: success, version: HTTP/1.1)
POST /wd/hub/session/e995314c-71c3-494d-9525-7c65c326857f/element HTTP/1.1
User-Agent: appium/8.3.0 (selenium/4.8.1 (java windows))
Content-Length: 328
Content-Type: application/json; charset=utf-8
host: 127.0.0.1:4723
accept: */*

Response DefaultHttpResponse(decodeResult: success, version: HTTP/1.1)
HTTP/1.1 200 OK
X-Powered-By: Express
Vary: X-HTTP-Method-Override
Content-Type: application/json; charset=utf-8
Content-Length: 137
ETag: W/"89-uIGRdlZjT0dkrJ1uosgCW04ncq4"
Date: Thu, 22 Jun 2023 06:56:37 GMT
Connection: keep-alive

13:56:37.361 [AsyncHttpClient-1-2] DEBUG org.asynchttpclient.netty.channel.ChannelManager - Adding key: http://127.0.0.1:4723 for channel [id: 0xedfc4e9b, L:/127.0.0.1:57192 - R:/127.0.0.1:4723]
13:56:37.365 [Forwarding isElementDisplayed on session e995314c-71c3-494d-9525-7c65c326857f to remote] DEBUG org.asynchttpclient.netty.request.NettyRequestSender - Using pooled Channel '[id: 0xedfc4e9b, L:/127.0.0.1:57192 - R:/127.0.0.1:4723]' for 'GET' to 'http://127.0.0.1:4723/wd/hub/session/e995314c-71c3-494d-9525-7c65c326857f/element/00000000-0000-0013-0000-000c00000003/displayed'
13:56:37.365 [Forwarding isElementDisplayed on session e995314c-71c3-494d-9525-7c65c326857f to remote] DEBUG org.asynchttpclient.netty.request.NettyRequestSender - Using open Channel [id: 0xedfc4e9b, L:/127.0.0.1:57192 - R:/127.0.0.1:4723] for GET '/wd/hub/session/e995314c-71c3-494d-9525-7c65c326857f/element/00000000-0000-0013-0000-000c00000003/displayed'
13:56:37.842 [AsyncHttpClient-1-2] DEBUG org.asynchttpclient.netty.handler.HttpHandler - 

Request DefaultFullHttpRequest(decodeResult: success, version: HTTP/1.1, content: EmptyByteBufBE)
GET /wd/hub/session/e995314c-71c3-494d-9525-7c65c326857f/element/00000000-0000-0013-0000-000c00000003/displayed HTTP/1.1
User-Agent: appium/8.3.0 (selenium/4.8.1 (java windows))
Cache-Control: no-cache
Content-Type: application/json; charset=utf-8
host: 127.0.0.1:4723
accept: */*

Response DefaultHttpResponse(decodeResult: success, version: HTTP/1.1)
HTTP/1.1 200 OK
X-Powered-By: Express
Content-Type: application/json; charset=utf-8
Content-Length: 14
ETag: W/"e-2ZHvAWebNQpyjGZTg6uyV8/spTo"
Date: Thu, 22 Jun 2023 06:56:37 GMT
Connection: keep-alive

13:56:37.843 [AsyncHttpClient-1-2] DEBUG org.asynchttpclient.netty.channel.ChannelManager - Adding key: http://127.0.0.1:4723 for channel [id: 0xedfc4e9b, L:/127.0.0.1:57192 - R:/127.0.0.1:4723]
13:56:37.853 [Forwarding isElementEnabled on session e995314c-71c3-494d-9525-7c65c326857f to remote] DEBUG org.asynchttpclient.netty.request.NettyRequestSender - Using pooled Channel '[id: 0xedfc4e9b, L:/127.0.0.1:57192 - R:/127.0.0.1:4723]' for 'GET' to 'http://127.0.0.1:4723/wd/hub/session/e995314c-71c3-494d-9525-7c65c326857f/element/00000000-0000-0013-0000-000c00000003/enabled'
13:56:37.854 [Forwarding isElementEnabled on session e995314c-71c3-494d-9525-7c65c326857f to remote] DEBUG org.asynchttpclient.netty.request.NettyRequestSender - Using open Channel [id: 0xedfc4e9b, L:/127.0.0.1:57192 - R:/127.0.0.1:4723] for GET '/wd/hub/session/e995314c-71c3-494d-9525-7c65c326857f/element/00000000-0000-0013-0000-000c00000003/enabled'
13:56:38.093 [AsyncHttpClient-1-2] DEBUG org.asynchttpclient.netty.handler.HttpHandler - 

Request DefaultFullHttpRequest(decodeResult: success, version: HTTP/1.1, content: EmptyByteBufBE)
GET /wd/hub/session/e995314c-71c3-494d-9525-7c65c326857f/element/00000000-0000-0013-0000-000c00000003/enabled HTTP/1.1
User-Agent: appium/8.3.0 (selenium/4.8.1 (java windows))
Cache-Control: no-cache
Content-Type: application/json; charset=utf-8
host: 127.0.0.1:4723
accept: */*

Response DefaultHttpResponse(decodeResult: success, version: HTTP/1.1)
HTTP/1.1 200 OK
X-Powered-By: Express
Content-Type: application/json; charset=utf-8
Content-Length: 14
ETag: W/"e-2ZHvAWebNQpyjGZTg6uyV8/spTo"
Date: Thu, 22 Jun 2023 06:56:38 GMT
Connection: keep-alive

13:56:38.094 [AsyncHttpClient-1-2] DEBUG org.asynchttpclient.netty.channel.ChannelManager - Adding key: http://127.0.0.1:4723 for channel [id: 0xedfc4e9b, L:/127.0.0.1:57192 - R:/127.0.0.1:4723]
13:56:38.099 [Forwarding clickElement on session e995314c-71c3-494d-9525-7c65c326857f to remote] DEBUG org.asynchttpclient.netty.request.NettyRequestSender - Using pooled Channel '[id: 0xedfc4e9b, L:/127.0.0.1:57192 - R:/127.0.0.1:4723]' for 'POST' to 'http://127.0.0.1:4723/wd/hub/session/e995314c-71c3-494d-9525-7c65c326857f/element/00000000-0000-0013-0000-000c00000003/click'
13:56:38.099 [Forwarding clickElement on session e995314c-71c3-494d-9525-7c65c326857f to remote] DEBUG org.asynchttpclient.netty.request.NettyRequestSender - Using open Channel [id: 0xedfc4e9b, L:/127.0.0.1:57192 - R:/127.0.0.1:4723] for POST '/wd/hub/session/e995314c-71c3-494d-9525-7c65c326857f/element/00000000-0000-0013-0000-000c00000003/click'
13:56:38.365 [AsyncHttpClient-1-2] DEBUG org.asynchttpclient.netty.handler.HttpHandler - 

Request DefaultHttpRequest(decodeResult: success, version: HTTP/1.1)
POST /wd/hub/session/e995314c-71c3-494d-9525-7c65c326857f/element/00000000-0000-0013-0000-000c00000003/click HTTP/1.1
User-Agent: appium/8.3.0 (selenium/4.8.1 (java windows))
Content-Length: 50
Content-Type: application/json; charset=utf-8
host: 127.0.0.1:4723
accept: */*

Response DefaultHttpResponse(decodeResult: success, version: HTTP/1.1)
HTTP/1.1 200 OK
X-Powered-By: Express
Vary: X-HTTP-Method-Override
Content-Type: application/json; charset=utf-8
Content-Length: 14
ETag: W/"e-9/1BuKMgFObM1mWJm+YjxtXJnUM"
Date: Thu, 22 Jun 2023 06:56:38 GMT
Connection: keep-alive

13:56:38.366 [AsyncHttpClient-1-2] DEBUG org.asynchttpclient.netty.channel.ChannelManager - Adding key: http://127.0.0.1:4723 for channel [id: 0xedfc4e9b, L:/127.0.0.1:57192 - R:/127.0.0.1:4723]
]]></system-out>
  </testcase>
  <testcase name="user input valid password" classname="sebagai user saya berhasil melihat detail produk berdasarkan kategori" time="1.37">
    <system-out><![CDATA[13:56:38.395 [Forwarding findElement on session e995314c-71c3-494d-9525-7c65c326857f to remote] DEBUG org.asynchttpclient.netty.request.NettyRequestSender - Using pooled Channel '[id: 0xedfc4e9b, L:/127.0.0.1:57192 - R:/127.0.0.1:4723]' for 'POST' to 'http://127.0.0.1:4723/wd/hub/session/e995314c-71c3-494d-9525-7c65c326857f/element'
13:56:38.395 [Forwarding findElement on session e995314c-71c3-494d-9525-7c65c326857f to remote] DEBUG org.asynchttpclient.netty.request.NettyRequestSender - Using open Channel [id: 0xedfc4e9b, L:/127.0.0.1:57192 - R:/127.0.0.1:4723] for POST '/wd/hub/session/e995314c-71c3-494d-9525-7c65c326857f/element'
13:56:39.665 [AsyncHttpClient-1-2] DEBUG org.asynchttpclient.netty.handler.HttpHandler - 

Request DefaultHttpRequest(decodeResult: success, version: HTTP/1.1)
POST /wd/hub/session/e995314c-71c3-494d-9525-7c65c326857f/element HTTP/1.1
User-Agent: appium/8.3.0 (selenium/4.8.1 (java windows))
Content-Length: 328
Content-Type: application/json; charset=utf-8
host: 127.0.0.1:4723
accept: */*

Response DefaultHttpResponse(decodeResult: success, version: HTTP/1.1)
HTTP/1.1 200 OK
X-Powered-By: Express
Vary: X-HTTP-Method-Override
Content-Type: application/json; charset=utf-8
Content-Length: 137
ETag: W/"89-uIGRdlZjT0dkrJ1uosgCW04ncq4"
Date: Thu, 22 Jun 2023 06:56:39 GMT
Connection: keep-alive

13:56:39.666 [AsyncHttpClient-1-2] DEBUG org.asynchttpclient.netty.channel.ChannelManager - Adding key: http://127.0.0.1:4723 for channel [id: 0xedfc4e9b, L:/127.0.0.1:57192 - R:/127.0.0.1:4723]
13:56:39.672 [Forwarding sendKeysToElement on session e995314c-71c3-494d-9525-7c65c326857f to remote] DEBUG org.asynchttpclient.netty.request.NettyRequestSender - Using pooled Channel '[id: 0xedfc4e9b, L:/127.0.0.1:57192 - R:/127.0.0.1:4723]' for 'POST' to 'http://127.0.0.1:4723/wd/hub/session/e995314c-71c3-494d-9525-7c65c326857f/element/00000000-0000-0013-0000-000c00000003/value'
13:56:39.672 [Forwarding sendKeysToElement on session e995314c-71c3-494d-9525-7c65c326857f to remote] DEBUG org.asynchttpclient.netty.request.NettyRequestSender - Using open Channel [id: 0xedfc4e9b, L:/127.0.0.1:57192 - R:/127.0.0.1:4723] for POST '/wd/hub/session/e995314c-71c3-494d-9525-7c65c326857f/element/00000000-0000-0013-0000-000c00000003/value'
13:56:39.743 [AsyncHttpClient-1-2] DEBUG org.asynchttpclient.netty.handler.HttpHandler - 

Request DefaultHttpRequest(decodeResult: success, version: HTTP/1.1)
POST /wd/hub/session/e995314c-71c3-494d-9525-7c65c326857f/element/00000000-0000-0013-0000-000c00000003/value HTTP/1.1
User-Agent: appium/8.3.0 (selenium/4.8.1 (java windows))
Content-Length: 171
Content-Type: application/json; charset=utf-8
host: 127.0.0.1:4723
accept: */*

Response DefaultHttpResponse(decodeResult: success, version: HTTP/1.1)
HTTP/1.1 200 OK
X-Powered-By: Express
Vary: X-HTTP-Method-Override
Content-Type: application/json; charset=utf-8
Content-Length: 14
ETag: W/"e-9/1BuKMgFObM1mWJm+YjxtXJnUM"
Date: Thu, 22 Jun 2023 06:56:39 GMT
Connection: keep-alive

13:56:39.744 [AsyncHttpClient-1-2] DEBUG org.asynchttpclient.netty.channel.ChannelManager - Adding key: http://127.0.0.1:4723 for channel [id: 0xedfc4e9b, L:/127.0.0.1:57192 - R:/127.0.0.1:4723]
]]></system-out>
  </testcase>
  <testcase name="user click masuk button" classname="sebagai user saya berhasil melihat detail produk berdasarkan kategori" time="1.025">
    <system-out><![CDATA[13:56:39.765 [Forwarding findElement on session e995314c-71c3-494d-9525-7c65c326857f to remote] DEBUG org.asynchttpclient.netty.request.NettyRequestSender - Using pooled Channel '[id: 0xedfc4e9b, L:/127.0.0.1:57192 - R:/127.0.0.1:4723]' for 'POST' to 'http://127.0.0.1:4723/wd/hub/session/e995314c-71c3-494d-9525-7c65c326857f/element'
13:56:39.765 [Forwarding findElement on session e995314c-71c3-494d-9525-7c65c326857f to remote] DEBUG org.asynchttpclient.netty.request.NettyRequestSender - Using open Channel [id: 0xedfc4e9b, L:/127.0.0.1:57192 - R:/127.0.0.1:4723] for POST '/wd/hub/session/e995314c-71c3-494d-9525-7c65c326857f/element'
13:56:40.278 [AsyncHttpClient-1-2] DEBUG org.asynchttpclient.netty.handler.HttpHandler - 

Request DefaultHttpRequest(decodeResult: success, version: HTTP/1.1)
POST /wd/hub/session/e995314c-71c3-494d-9525-7c65c326857f/element HTTP/1.1
User-Agent: appium/8.3.0 (selenium/4.8.1 (java windows))
Content-Length: 92
Content-Type: application/json; charset=utf-8
host: 127.0.0.1:4723
accept: */*

Response DefaultHttpResponse(decodeResult: success, version: HTTP/1.1)
HTTP/1.1 200 OK
X-Powered-By: Express
Vary: X-HTTP-Method-Override
Content-Type: application/json; charset=utf-8
Content-Length: 137
ETag: W/"89-Yfs0gwOL1QW7Bm6Bx3xdWc0Y+og"
Date: Thu, 22 Jun 2023 06:56:40 GMT
Connection: keep-alive

13:56:40.279 [AsyncHttpClient-1-2] DEBUG org.asynchttpclient.netty.channel.ChannelManager - Adding key: http://127.0.0.1:4723 for channel [id: 0xedfc4e9b, L:/127.0.0.1:57192 - R:/127.0.0.1:4723]
13:56:40.283 [Forwarding isElementDisplayed on session e995314c-71c3-494d-9525-7c65c326857f to remote] DEBUG org.asynchttpclient.netty.request.NettyRequestSender - Using pooled Channel '[id: 0xedfc4e9b, L:/127.0.0.1:57192 - R:/127.0.0.1:4723]' for 'GET' to 'http://127.0.0.1:4723/wd/hub/session/e995314c-71c3-494d-9525-7c65c326857f/element/00000000-0000-0013-0000-000e00000003/displayed'
13:56:40.284 [Forwarding isElementDisplayed on session e995314c-71c3-494d-9525-7c65c326857f to remote] DEBUG org.asynchttpclient.netty.request.NettyRequestSender - Using open Channel [id: 0xedfc4e9b, L:/127.0.0.1:57192 - R:/127.0.0.1:4723] for GET '/wd/hub/session/e995314c-71c3-494d-9525-7c65c326857f/element/00000000-0000-0013-0000-000e00000003/displayed'
13:56:40.564 [AsyncHttpClient-1-2] DEBUG org.asynchttpclient.netty.handler.HttpHandler - 

Request DefaultFullHttpRequest(decodeResult: success, version: HTTP/1.1, content: EmptyByteBufBE)
GET /wd/hub/session/e995314c-71c3-494d-9525-7c65c326857f/element/00000000-0000-0013-0000-000e00000003/displayed HTTP/1.1
User-Agent: appium/8.3.0 (selenium/4.8.1 (java windows))
Cache-Control: no-cache
Content-Type: application/json; charset=utf-8
host: 127.0.0.1:4723
accept: */*

Response DefaultHttpResponse(decodeResult: success, version: HTTP/1.1)
HTTP/1.1 200 OK
X-Powered-By: Express
Content-Type: application/json; charset=utf-8
Content-Length: 14
ETag: W/"e-2ZHvAWebNQpyjGZTg6uyV8/spTo"
Date: Thu, 22 Jun 2023 06:56:40 GMT
Connection: keep-alive

13:56:40.565 [AsyncHttpClient-1-2] DEBUG org.asynchttpclient.netty.channel.ChannelManager - Adding key: http://127.0.0.1:4723 for channel [id: 0xedfc4e9b, L:/127.0.0.1:57192 - R:/127.0.0.1:4723]
13:56:40.569 [Forwarding isElementEnabled on session e995314c-71c3-494d-9525-7c65c326857f to remote] DEBUG org.asynchttpclient.netty.request.NettyRequestSender - Using pooled Channel '[id: 0xedfc4e9b, L:/127.0.0.1:57192 - R:/127.0.0.1:4723]' for 'GET' to 'http://127.0.0.1:4723/wd/hub/session/e995314c-71c3-494d-9525-7c65c326857f/element/00000000-0000-0013-0000-000e00000003/enabled'
13:56:40.569 [Forwarding isElementEnabled on session e995314c-71c3-494d-9525-7c65c326857f to remote] DEBUG org.asynchttpclient.netty.request.NettyRequestSender - Using open Channel [id: 0xedfc4e9b, L:/127.0.0.1:57192 - R:/127.0.0.1:4723] for GET '/wd/hub/session/e995314c-71c3-494d-9525-7c65c326857f/element/00000000-0000-0013-0000-000e00000003/enabled'
13:56:40.610 [AsyncHttpClient-1-2] DEBUG org.asynchttpclient.netty.handler.HttpHandler - 

Request DefaultFullHttpRequest(decodeResult: success, version: HTTP/1.1, content: EmptyByteBufBE)
GET /wd/hub/session/e995314c-71c3-494d-9525-7c65c326857f/element/00000000-0000-0013-0000-000e00000003/enabled HTTP/1.1
User-Agent: appium/8.3.0 (selenium/4.8.1 (java windows))
Cache-Control: no-cache
Content-Type: application/json; charset=utf-8
host: 127.0.0.1:4723
accept: */*

Response DefaultHttpResponse(decodeResult: success, version: HTTP/1.1)
HTTP/1.1 200 OK
X-Powered-By: Express
Content-Type: application/json; charset=utf-8
Content-Length: 14
ETag: W/"e-2ZHvAWebNQpyjGZTg6uyV8/spTo"
Date: Thu, 22 Jun 2023 06:56:40 GMT
Connection: keep-alive

13:56:40.611 [AsyncHttpClient-1-2] DEBUG org.asynchttpclient.netty.channel.ChannelManager - Adding key: http://127.0.0.1:4723 for channel [id: 0xedfc4e9b, L:/127.0.0.1:57192 - R:/127.0.0.1:4723]
13:56:40.616 [Forwarding clickElement on session e995314c-71c3-494d-9525-7c65c326857f to remote] DEBUG org.asynchttpclient.netty.request.NettyRequestSender - Using pooled Channel '[id: 0xedfc4e9b, L:/127.0.0.1:57192 - R:/127.0.0.1:4723]' for 'POST' to 'http://127.0.0.1:4723/wd/hub/session/e995314c-71c3-494d-9525-7c65c326857f/element/00000000-0000-0013-0000-000e00000003/click'
13:56:40.616 [Forwarding clickElement on session e995314c-71c3-494d-9525-7c65c326857f to remote] DEBUG org.asynchttpclient.netty.request.NettyRequestSender - Using open Channel [id: 0xedfc4e9b, L:/127.0.0.1:57192 - R:/127.0.0.1:4723] for POST '/wd/hub/session/e995314c-71c3-494d-9525-7c65c326857f/element/00000000-0000-0013-0000-000e00000003/click'
13:56:40.770 [AsyncHttpClient-1-2] DEBUG org.asynchttpclient.netty.handler.HttpHandler - 

Request DefaultHttpRequest(decodeResult: success, version: HTTP/1.1)
POST /wd/hub/session/e995314c-71c3-494d-9525-7c65c326857f/element/00000000-0000-0013-0000-000e00000003/click HTTP/1.1
User-Agent: appium/8.3.0 (selenium/4.8.1 (java windows))
Content-Length: 50
Content-Type: application/json; charset=utf-8
host: 127.0.0.1:4723
accept: */*

Response DefaultHttpResponse(decodeResult: success, version: HTTP/1.1)
HTTP/1.1 200 OK
X-Powered-By: Express
Vary: X-HTTP-Method-Override
Content-Type: application/json; charset=utf-8
Content-Length: 14
ETag: W/"e-9/1BuKMgFObM1mWJm+YjxtXJnUM"
Date: Thu, 22 Jun 2023 06:56:40 GMT
Connection: keep-alive

13:56:40.771 [AsyncHttpClient-1-2] DEBUG org.asynchttpclient.netty.channel.ChannelManager - Adding key: http://127.0.0.1:4723 for channel [id: 0xedfc4e9b, L:/127.0.0.1:57192 - R:/127.0.0.1:4723]
]]></system-out>
  </testcase>
  <testcase name="user can login and go to home page" classname="sebagai user saya berhasil melihat detail produk berdasarkan kategori" time="3.276">
    <system-out><![CDATA[13:56:40.799 [Forwarding findElement on session e995314c-71c3-494d-9525-7c65c326857f to remote] DEBUG org.asynchttpclient.netty.request.NettyRequestSender - Using pooled Channel '[id: 0xedfc4e9b, L:/127.0.0.1:57192 - R:/127.0.0.1:4723]' for 'POST' to 'http://127.0.0.1:4723/wd/hub/session/e995314c-71c3-494d-9525-7c65c326857f/element'
13:56:40.799 [Forwarding findElement on session e995314c-71c3-494d-9525-7c65c326857f to remote] DEBUG org.asynchttpclient.netty.request.NettyRequestSender - Using open Channel [id: 0xedfc4e9b, L:/127.0.0.1:57192 - R:/127.0.0.1:4723] for POST '/wd/hub/session/e995314c-71c3-494d-9525-7c65c326857f/element'
13:56:43.983 [AsyncHttpClient-1-2] DEBUG org.asynchttpclient.netty.handler.HttpHandler - 

Request DefaultHttpRequest(decodeResult: success, version: HTTP/1.1)
POST /wd/hub/session/e995314c-71c3-494d-9525-7c65c326857f/element HTTP/1.1
User-Agent: appium/8.3.0 (selenium/4.8.1 (java windows))
Content-Length: 94
Content-Type: application/json; charset=utf-8
host: 127.0.0.1:4723
accept: */*

Response DefaultHttpResponse(decodeResult: success, version: HTTP/1.1)
HTTP/1.1 200 OK
X-Powered-By: Express
Vary: X-HTTP-Method-Override
Content-Type: application/json; charset=utf-8
Content-Length: 137
ETag: W/"89-xgcuMhDnQYZ46abdmKhj4CySAPY"
Date: Thu, 22 Jun 2023 06:56:43 GMT
Connection: keep-alive

13:56:43.984 [AsyncHttpClient-1-2] DEBUG org.asynchttpclient.netty.channel.ChannelManager - Adding key: http://127.0.0.1:4723 for channel [id: 0xedfc4e9b, L:/127.0.0.1:57192 - R:/127.0.0.1:4723]
13:56:43.989 [Forwarding isElementDisplayed on session e995314c-71c3-494d-9525-7c65c326857f to remote] DEBUG org.asynchttpclient.netty.request.NettyRequestSender - Using pooled Channel '[id: 0xedfc4e9b, L:/127.0.0.1:57192 - R:/127.0.0.1:4723]' for 'GET' to 'http://127.0.0.1:4723/wd/hub/session/e995314c-71c3-494d-9525-7c65c326857f/element/00000000-0000-0013-0000-001e00000003/displayed'
13:56:43.989 [Forwarding isElementDisplayed on session e995314c-71c3-494d-9525-7c65c326857f to remote] DEBUG org.asynchttpclient.netty.request.NettyRequestSender - Using open Channel [id: 0xedfc4e9b, L:/127.0.0.1:57192 - R:/127.0.0.1:4723] for GET '/wd/hub/session/e995314c-71c3-494d-9525-7c65c326857f/element/00000000-0000-0013-0000-001e00000003/displayed'
13:56:44.057 [AsyncHttpClient-1-2] DEBUG org.asynchttpclient.netty.handler.HttpHandler - 

Request DefaultFullHttpRequest(decodeResult: success, version: HTTP/1.1, content: EmptyByteBufBE)
GET /wd/hub/session/e995314c-71c3-494d-9525-7c65c326857f/element/00000000-0000-0013-0000-001e00000003/displayed HTTP/1.1
User-Agent: appium/8.3.0 (selenium/4.8.1 (java windows))
Cache-Control: no-cache
Content-Type: application/json; charset=utf-8
host: 127.0.0.1:4723
accept: */*

Response DefaultHttpResponse(decodeResult: success, version: HTTP/1.1)
HTTP/1.1 200 OK
X-Powered-By: Express
Content-Type: application/json; charset=utf-8
Content-Length: 14
ETag: W/"e-2ZHvAWebNQpyjGZTg6uyV8/spTo"
Date: Thu, 22 Jun 2023 06:56:44 GMT
Connection: keep-alive

13:56:44.059 [AsyncHttpClient-1-2] DEBUG org.asynchttpclient.netty.channel.ChannelManager - Adding key: http://127.0.0.1:4723 for channel [id: 0xedfc4e9b, L:/127.0.0.1:57192 - R:/127.0.0.1:4723]
]]></system-out>
  </testcase>
  <testcase name="user click menu Shop" classname="sebagai user saya berhasil melihat detail produk berdasarkan kategori" time="0.66">
    <system-out><![CDATA[13:56:44.107 [Forwarding findElement on session e995314c-71c3-494d-9525-7c65c326857f to remote] DEBUG org.asynchttpclient.netty.request.NettyRequestSender - Using pooled Channel '[id: 0xedfc4e9b, L:/127.0.0.1:57192 - R:/127.0.0.1:4723]' for 'POST' to 'http://127.0.0.1:4723/wd/hub/session/e995314c-71c3-494d-9525-7c65c326857f/element'
13:56:44.108 [Forwarding findElement on session e995314c-71c3-494d-9525-7c65c326857f to remote] DEBUG org.asynchttpclient.netty.request.NettyRequestSender - Using open Channel [id: 0xedfc4e9b, L:/127.0.0.1:57192 - R:/127.0.0.1:4723] for POST '/wd/hub/session/e995314c-71c3-494d-9525-7c65c326857f/element'
13:56:44.498 [AsyncHttpClient-1-2] DEBUG org.asynchttpclient.netty.handler.HttpHandler - 

Request DefaultHttpRequest(decodeResult: success, version: HTTP/1.1)
POST /wd/hub/session/e995314c-71c3-494d-9525-7c65c326857f/element HTTP/1.1
User-Agent: appium/8.3.0 (selenium/4.8.1 (java windows))
Content-Length: 109
Content-Type: application/json; charset=utf-8
host: 127.0.0.1:4723
accept: */*

Response DefaultHttpResponse(decodeResult: success, version: HTTP/1.1)
HTTP/1.1 200 OK
X-Powered-By: Express
Vary: X-HTTP-Method-Override
Content-Type: application/json; charset=utf-8
Content-Length: 137
ETag: W/"89-MnvfLwcXJGhqfuo0eSrWtzHZpVA"
Date: Thu, 22 Jun 2023 06:56:44 GMT
Connection: keep-alive

13:56:44.499 [AsyncHttpClient-1-2] DEBUG org.asynchttpclient.netty.channel.ChannelManager - Adding key: http://127.0.0.1:4723 for channel [id: 0xedfc4e9b, L:/127.0.0.1:57192 - R:/127.0.0.1:4723]
13:56:44.503 [Forwarding isElementDisplayed on session e995314c-71c3-494d-9525-7c65c326857f to remote] DEBUG org.asynchttpclient.netty.request.NettyRequestSender - Using pooled Channel '[id: 0xedfc4e9b, L:/127.0.0.1:57192 - R:/127.0.0.1:4723]' for 'GET' to 'http://127.0.0.1:4723/wd/hub/session/e995314c-71c3-494d-9525-7c65c326857f/element/00000000-0000-0013-0000-002a00000003/displayed'
13:56:44.503 [Forwarding isElementDisplayed on session e995314c-71c3-494d-9525-7c65c326857f to remote] DEBUG org.asynchttpclient.netty.request.NettyRequestSender - Using open Channel [id: 0xedfc4e9b, L:/127.0.0.1:57192 - R:/127.0.0.1:4723] for GET '/wd/hub/session/e995314c-71c3-494d-9525-7c65c326857f/element/00000000-0000-0013-0000-002a00000003/displayed'
13:56:44.552 [AsyncHttpClient-1-2] DEBUG org.asynchttpclient.netty.handler.HttpHandler - 

Request DefaultFullHttpRequest(decodeResult: success, version: HTTP/1.1, content: EmptyByteBufBE)
GET /wd/hub/session/e995314c-71c3-494d-9525-7c65c326857f/element/00000000-0000-0013-0000-002a00000003/displayed HTTP/1.1
User-Agent: appium/8.3.0 (selenium/4.8.1 (java windows))
Cache-Control: no-cache
Content-Type: application/json; charset=utf-8
host: 127.0.0.1:4723
accept: */*

Response DefaultHttpResponse(decodeResult: success, version: HTTP/1.1)
HTTP/1.1 200 OK
X-Powered-By: Express
Content-Type: application/json; charset=utf-8
Content-Length: 14
ETag: W/"e-2ZHvAWebNQpyjGZTg6uyV8/spTo"
Date: Thu, 22 Jun 2023 06:56:44 GMT
Connection: keep-alive

13:56:44.552 [AsyncHttpClient-1-2] DEBUG org.asynchttpclient.netty.channel.ChannelManager - Adding key: http://127.0.0.1:4723 for channel [id: 0xedfc4e9b, L:/127.0.0.1:57192 - R:/127.0.0.1:4723]
13:56:44.556 [Forwarding isElementEnabled on session e995314c-71c3-494d-9525-7c65c326857f to remote] DEBUG org.asynchttpclient.netty.request.NettyRequestSender - Using pooled Channel '[id: 0xedfc4e9b, L:/127.0.0.1:57192 - R:/127.0.0.1:4723]' for 'GET' to 'http://127.0.0.1:4723/wd/hub/session/e995314c-71c3-494d-9525-7c65c326857f/element/00000000-0000-0013-0000-002a00000003/enabled'
13:56:44.557 [Forwarding isElementEnabled on session e995314c-71c3-494d-9525-7c65c326857f to remote] DEBUG org.asynchttpclient.netty.request.NettyRequestSender - Using open Channel [id: 0xedfc4e9b, L:/127.0.0.1:57192 - R:/127.0.0.1:4723] for GET '/wd/hub/session/e995314c-71c3-494d-9525-7c65c326857f/element/00000000-0000-0013-0000-002a00000003/enabled'
13:56:44.597 [AsyncHttpClient-1-2] DEBUG org.asynchttpclient.netty.handler.HttpHandler - 

Request DefaultFullHttpRequest(decodeResult: success, version: HTTP/1.1, content: EmptyByteBufBE)
GET /wd/hub/session/e995314c-71c3-494d-9525-7c65c326857f/element/00000000-0000-0013-0000-002a00000003/enabled HTTP/1.1
User-Agent: appium/8.3.0 (selenium/4.8.1 (java windows))
Cache-Control: no-cache
Content-Type: application/json; charset=utf-8
host: 127.0.0.1:4723
accept: */*

Response DefaultHttpResponse(decodeResult: success, version: HTTP/1.1)
HTTP/1.1 200 OK
X-Powered-By: Express
Content-Type: application/json; charset=utf-8
Content-Length: 14
ETag: W/"e-2ZHvAWebNQpyjGZTg6uyV8/spTo"
Date: Thu, 22 Jun 2023 06:56:44 GMT
Connection: keep-alive

13:56:44.599 [AsyncHttpClient-1-2] DEBUG org.asynchttpclient.netty.channel.ChannelManager - Adding key: http://127.0.0.1:4723 for channel [id: 0xedfc4e9b, L:/127.0.0.1:57192 - R:/127.0.0.1:4723]
13:56:44.603 [Forwarding clickElement on session e995314c-71c3-494d-9525-7c65c326857f to remote] DEBUG org.asynchttpclient.netty.request.NettyRequestSender - Using pooled Channel '[id: 0xedfc4e9b, L:/127.0.0.1:57192 - R:/127.0.0.1:4723]' for 'POST' to 'http://127.0.0.1:4723/wd/hub/session/e995314c-71c3-494d-9525-7c65c326857f/element/00000000-0000-0013-0000-002a00000003/click'
13:56:44.604 [Forwarding clickElement on session e995314c-71c3-494d-9525-7c65c326857f to remote] DEBUG org.asynchttpclient.netty.request.NettyRequestSender - Using open Channel [id: 0xedfc4e9b, L:/127.0.0.1:57192 - R:/127.0.0.1:4723] for POST '/wd/hub/session/e995314c-71c3-494d-9525-7c65c326857f/element/00000000-0000-0013-0000-002a00000003/click'
13:56:44.726 [AsyncHttpClient-1-2] DEBUG org.asynchttpclient.netty.handler.HttpHandler - 

Request DefaultHttpRequest(decodeResult: success, version: HTTP/1.1)
POST /wd/hub/session/e995314c-71c3-494d-9525-7c65c326857f/element/00000000-0000-0013-0000-002a00000003/click HTTP/1.1
User-Agent: appium/8.3.0 (selenium/4.8.1 (java windows))
Content-Length: 50
Content-Type: application/json; charset=utf-8
host: 127.0.0.1:4723
accept: */*

Response DefaultHttpResponse(decodeResult: success, version: HTTP/1.1)
HTTP/1.1 200 OK
X-Powered-By: Express
Vary: X-HTTP-Method-Override
Content-Type: application/json; charset=utf-8
Content-Length: 14
ETag: W/"e-9/1BuKMgFObM1mWJm+YjxtXJnUM"
Date: Thu, 22 Jun 2023 06:56:44 GMT
Connection: keep-alive

13:56:44.727 [AsyncHttpClient-1-2] DEBUG org.asynchttpclient.netty.channel.ChannelManager - Adding key: http://127.0.0.1:4723 for channel [id: 0xedfc4e9b, L:/127.0.0.1:57192 - R:/127.0.0.1:4723]
]]></system-out>
  </testcase>
  <testcase name="user click produk kategori pakaian" classname="sebagai user saya berhasil melihat detail produk berdasarkan kategori" time="1.612">
    <system-out><![CDATA[13:56:44.752 [Forwarding findElement on session e995314c-71c3-494d-9525-7c65c326857f to remote] DEBUG org.asynchttpclient.netty.request.NettyRequestSender - Using pooled Channel '[id: 0xedfc4e9b, L:/127.0.0.1:57192 - R:/127.0.0.1:4723]' for 'POST' to 'http://127.0.0.1:4723/wd/hub/session/e995314c-71c3-494d-9525-7c65c326857f/element'
13:56:44.753 [Forwarding findElement on session e995314c-71c3-494d-9525-7c65c326857f to remote] DEBUG org.asynchttpclient.netty.request.NettyRequestSender - Using open Channel [id: 0xedfc4e9b, L:/127.0.0.1:57192 - R:/127.0.0.1:4723] for POST '/wd/hub/session/e995314c-71c3-494d-9525-7c65c326857f/element'
13:56:45.974 [AsyncHttpClient-1-2] DEBUG org.asynchttpclient.netty.handler.HttpHandler - 

Request DefaultHttpRequest(decodeResult: success, version: HTTP/1.1)
POST /wd/hub/session/e995314c-71c3-494d-9525-7c65c326857f/element HTTP/1.1
User-Agent: appium/8.3.0 (selenium/4.8.1 (java windows))
Content-Length: 105
Content-Type: application/json; charset=utf-8
host: 127.0.0.1:4723
accept: */*

Response DefaultHttpResponse(decodeResult: success, version: HTTP/1.1)
HTTP/1.1 200 OK
X-Powered-By: Express
Vary: X-HTTP-Method-Override
Content-Type: application/json; charset=utf-8
Content-Length: 137
ETag: W/"89-Mn1y1XN8DACN918uTMm38JIBMRs"
Date: Thu, 22 Jun 2023 06:56:45 GMT
Connection: keep-alive

13:56:45.976 [AsyncHttpClient-1-2] DEBUG org.asynchttpclient.netty.channel.ChannelManager - Adding key: http://127.0.0.1:4723 for channel [id: 0xedfc4e9b, L:/127.0.0.1:57192 - R:/127.0.0.1:4723]
13:56:45.981 [Forwarding isElementDisplayed on session e995314c-71c3-494d-9525-7c65c326857f to remote] DEBUG org.asynchttpclient.netty.request.NettyRequestSender - Using pooled Channel '[id: 0xedfc4e9b, L:/127.0.0.1:57192 - R:/127.0.0.1:4723]' for 'GET' to 'http://127.0.0.1:4723/wd/hub/session/e995314c-71c3-494d-9525-7c65c326857f/element/00000000-0000-0013-0000-004000000003/displayed'
13:56:45.982 [Forwarding isElementDisplayed on session e995314c-71c3-494d-9525-7c65c326857f to remote] DEBUG org.asynchttpclient.netty.request.NettyRequestSender - Using open Channel [id: 0xedfc4e9b, L:/127.0.0.1:57192 - R:/127.0.0.1:4723] for GET '/wd/hub/session/e995314c-71c3-494d-9525-7c65c326857f/element/00000000-0000-0013-0000-004000000003/displayed'
13:56:46.032 [AsyncHttpClient-1-2] DEBUG org.asynchttpclient.netty.handler.HttpHandler - 

Request DefaultFullHttpRequest(decodeResult: success, version: HTTP/1.1, content: EmptyByteBufBE)
GET /wd/hub/session/e995314c-71c3-494d-9525-7c65c326857f/element/00000000-0000-0013-0000-004000000003/displayed HTTP/1.1
User-Agent: appium/8.3.0 (selenium/4.8.1 (java windows))
Cache-Control: no-cache
Content-Type: application/json; charset=utf-8
host: 127.0.0.1:4723
accept: */*

Response DefaultHttpResponse(decodeResult: success, version: HTTP/1.1)
HTTP/1.1 200 OK
X-Powered-By: Express
Content-Type: application/json; charset=utf-8
Content-Length: 14
ETag: W/"e-2ZHvAWebNQpyjGZTg6uyV8/spTo"
Date: Thu, 22 Jun 2023 06:56:46 GMT
Connection: keep-alive

13:56:46.033 [AsyncHttpClient-1-2] DEBUG org.asynchttpclient.netty.channel.ChannelManager - Adding key: http://127.0.0.1:4723 for channel [id: 0xedfc4e9b, L:/127.0.0.1:57192 - R:/127.0.0.1:4723]
13:56:46.037 [Forwarding isElementEnabled on session e995314c-71c3-494d-9525-7c65c326857f to remote] DEBUG org.asynchttpclient.netty.request.NettyRequestSender - Using pooled Channel '[id: 0xedfc4e9b, L:/127.0.0.1:57192 - R:/127.0.0.1:4723]' for 'GET' to 'http://127.0.0.1:4723/wd/hub/session/e995314c-71c3-494d-9525-7c65c326857f/element/00000000-0000-0013-0000-004000000003/enabled'
13:56:46.037 [Forwarding isElementEnabled on session e995314c-71c3-494d-9525-7c65c326857f to remote] DEBUG org.asynchttpclient.netty.request.NettyRequestSender - Using open Channel [id: 0xedfc4e9b, L:/127.0.0.1:57192 - R:/127.0.0.1:4723] for GET '/wd/hub/session/e995314c-71c3-494d-9525-7c65c326857f/element/00000000-0000-0013-0000-004000000003/enabled'
13:56:46.093 [AsyncHttpClient-1-2] DEBUG org.asynchttpclient.netty.handler.HttpHandler - 

Request DefaultFullHttpRequest(decodeResult: success, version: HTTP/1.1, content: EmptyByteBufBE)
GET /wd/hub/session/e995314c-71c3-494d-9525-7c65c326857f/element/00000000-0000-0013-0000-004000000003/enabled HTTP/1.1
User-Agent: appium/8.3.0 (selenium/4.8.1 (java windows))
Cache-Control: no-cache
Content-Type: application/json; charset=utf-8
host: 127.0.0.1:4723
accept: */*

Response DefaultHttpResponse(decodeResult: success, version: HTTP/1.1)
HTTP/1.1 200 OK
X-Powered-By: Express
Content-Type: application/json; charset=utf-8
Content-Length: 14
ETag: W/"e-2ZHvAWebNQpyjGZTg6uyV8/spTo"
Date: Thu, 22 Jun 2023 06:56:46 GMT
Connection: keep-alive

13:56:46.094 [AsyncHttpClient-1-2] DEBUG org.asynchttpclient.netty.channel.ChannelManager - Adding key: http://127.0.0.1:4723 for channel [id: 0xedfc4e9b, L:/127.0.0.1:57192 - R:/127.0.0.1:4723]
13:56:46.098 [Forwarding clickElement on session e995314c-71c3-494d-9525-7c65c326857f to remote] DEBUG org.asynchttpclient.netty.request.NettyRequestSender - Using pooled Channel '[id: 0xedfc4e9b, L:/127.0.0.1:57192 - R:/127.0.0.1:4723]' for 'POST' to 'http://127.0.0.1:4723/wd/hub/session/e995314c-71c3-494d-9525-7c65c326857f/element/00000000-0000-0013-0000-004000000003/click'
13:56:46.099 [Forwarding clickElement on session e995314c-71c3-494d-9525-7c65c326857f to remote] DEBUG org.asynchttpclient.netty.request.NettyRequestSender - Using open Channel [id: 0xedfc4e9b, L:/127.0.0.1:57192 - R:/127.0.0.1:4723] for POST '/wd/hub/session/e995314c-71c3-494d-9525-7c65c326857f/element/00000000-0000-0013-0000-004000000003/click'
13:56:46.347 [AsyncHttpClient-1-2] DEBUG org.asynchttpclient.netty.handler.HttpHandler - 

Request DefaultHttpRequest(decodeResult: success, version: HTTP/1.1)
POST /wd/hub/session/e995314c-71c3-494d-9525-7c65c326857f/element/00000000-0000-0013-0000-004000000003/click HTTP/1.1
User-Agent: appium/8.3.0 (selenium/4.8.1 (java windows))
Content-Length: 50
Content-Type: application/json; charset=utf-8
host: 127.0.0.1:4723
accept: */*

Response DefaultHttpResponse(decodeResult: success, version: HTTP/1.1)
HTTP/1.1 200 OK
X-Powered-By: Express
Vary: X-HTTP-Method-Override
Content-Type: application/json; charset=utf-8
Content-Length: 14
ETag: W/"e-9/1BuKMgFObM1mWJm+YjxtXJnUM"
Date: Thu, 22 Jun 2023 06:56:46 GMT
Connection: keep-alive

13:56:46.348 [AsyncHttpClient-1-2] DEBUG org.asynchttpclient.netty.channel.ChannelManager - Adding key: http://127.0.0.1:4723 for channel [id: 0xedfc4e9b, L:/127.0.0.1:57192 - R:/127.0.0.1:4723]
]]></system-out>
  </testcase>
  <testcase name="user click produk 1" classname="sebagai user saya berhasil melihat detail produk berdasarkan kategori" time="3.398">
    <system-out><![CDATA[13:56:46.378 [Forwarding findElement on session e995314c-71c3-494d-9525-7c65c326857f to remote] DEBUG org.asynchttpclient.netty.request.NettyRequestSender - Using pooled Channel '[id: 0xedfc4e9b, L:/127.0.0.1:57192 - R:/127.0.0.1:4723]' for 'POST' to 'http://127.0.0.1:4723/wd/hub/session/e995314c-71c3-494d-9525-7c65c326857f/element'
13:56:46.379 [Forwarding findElement on session e995314c-71c3-494d-9525-7c65c326857f to remote] DEBUG org.asynchttpclient.netty.request.NettyRequestSender - Using open Channel [id: 0xedfc4e9b, L:/127.0.0.1:57192 - R:/127.0.0.1:4723] for POST '/wd/hub/session/e995314c-71c3-494d-9525-7c65c326857f/element'
13:56:47.443 [AsyncHttpClient-1-2] DEBUG org.asynchttpclient.netty.handler.HttpHandler - 

Request DefaultHttpRequest(decodeResult: success, version: HTTP/1.1)
POST /wd/hub/session/e995314c-71c3-494d-9525-7c65c326857f/element HTTP/1.1
User-Agent: appium/8.3.0 (selenium/4.8.1 (java windows))
Content-Length: 125
Content-Type: application/json; charset=utf-8
host: 127.0.0.1:4723
accept: */*

Response DefaultHttpResponse(decodeResult: success, version: HTTP/1.1)
HTTP/1.1 200 OK
X-Powered-By: Express
Vary: X-HTTP-Method-Override
Content-Type: application/json; charset=utf-8
Content-Length: 137
ETag: W/"89-h7mAuhTaXe9A4cypgQiXJxyO/lM"
Date: Thu, 22 Jun 2023 06:56:47 GMT
Connection: keep-alive

13:56:47.444 [AsyncHttpClient-1-2] DEBUG org.asynchttpclient.netty.channel.ChannelManager - Adding key: http://127.0.0.1:4723 for channel [id: 0xedfc4e9b, L:/127.0.0.1:57192 - R:/127.0.0.1:4723]
13:56:47.447 [Forwarding isElementDisplayed on session e995314c-71c3-494d-9525-7c65c326857f to remote] DEBUG org.asynchttpclient.netty.request.NettyRequestSender - Using pooled Channel '[id: 0xedfc4e9b, L:/127.0.0.1:57192 - R:/127.0.0.1:4723]' for 'GET' to 'http://127.0.0.1:4723/wd/hub/session/e995314c-71c3-494d-9525-7c65c326857f/element/00000000-0000-0013-0000-004d00000003/displayed'
13:56:47.447 [Forwarding isElementDisplayed on session e995314c-71c3-494d-9525-7c65c326857f to remote] DEBUG org.asynchttpclient.netty.request.NettyRequestSender - Using open Channel [id: 0xedfc4e9b, L:/127.0.0.1:57192 - R:/127.0.0.1:4723] for GET '/wd/hub/session/e995314c-71c3-494d-9525-7c65c326857f/element/00000000-0000-0013-0000-004d00000003/displayed'
13:56:48.610 [AsyncHttpClient-1-2] DEBUG org.asynchttpclient.netty.handler.HttpHandler - 

Request DefaultFullHttpRequest(decodeResult: success, version: HTTP/1.1, content: EmptyByteBufBE)
GET /wd/hub/session/e995314c-71c3-494d-9525-7c65c326857f/element/00000000-0000-0013-0000-004d00000003/displayed HTTP/1.1
User-Agent: appium/8.3.0 (selenium/4.8.1 (java windows))
Cache-Control: no-cache
Content-Type: application/json; charset=utf-8
host: 127.0.0.1:4723
accept: */*

Response DefaultHttpResponse(decodeResult: success, version: HTTP/1.1)
HTTP/1.1 404 Not Found
X-Powered-By: Express
Content-Type: application/json; charset=utf-8
Content-Length: 4110
ETag: W/"100e-ziVnfmgC3BKOGy6AL1E0sIn8pPQ"
Date: Thu, 22 Jun 2023 06:56:48 GMT
Connection: keep-alive

13:56:48.614 [AsyncHttpClient-1-2] DEBUG org.asynchttpclient.netty.channel.ChannelManager - Adding key: http://127.0.0.1:4723 for channel [id: 0xedfc4e9b, L:/127.0.0.1:57192 - R:/127.0.0.1:4723]
13:56:49.156 [Forwarding findElement on session e995314c-71c3-494d-9525-7c65c326857f to remote] DEBUG org.asynchttpclient.netty.request.NettyRequestSender - Using pooled Channel '[id: 0xedfc4e9b, L:/127.0.0.1:57192 - R:/127.0.0.1:4723]' for 'POST' to 'http://127.0.0.1:4723/wd/hub/session/e995314c-71c3-494d-9525-7c65c326857f/element'
13:56:49.156 [Forwarding findElement on session e995314c-71c3-494d-9525-7c65c326857f to remote] DEBUG org.asynchttpclient.netty.request.NettyRequestSender - Using open Channel [id: 0xedfc4e9b, L:/127.0.0.1:57192 - R:/127.0.0.1:4723] for POST '/wd/hub/session/e995314c-71c3-494d-9525-7c65c326857f/element'
13:56:49.511 [AsyncHttpClient-1-2] DEBUG org.asynchttpclient.netty.handler.HttpHandler - 

Request DefaultHttpRequest(decodeResult: success, version: HTTP/1.1)
POST /wd/hub/session/e995314c-71c3-494d-9525-7c65c326857f/element HTTP/1.1
User-Agent: appium/8.3.0 (selenium/4.8.1 (java windows))
Content-Length: 125
Content-Type: application/json; charset=utf-8
host: 127.0.0.1:4723
accept: */*

Response DefaultHttpResponse(decodeResult: success, version: HTTP/1.1)
HTTP/1.1 200 OK
X-Powered-By: Express
Vary: X-HTTP-Method-Override
Content-Type: application/json; charset=utf-8
Content-Length: 137
ETag: W/"89-TP2jykh5ouuS048FarokW7/c634"
Date: Thu, 22 Jun 2023 06:56:49 GMT
Connection: keep-alive

13:56:49.512 [AsyncHttpClient-1-2] DEBUG org.asynchttpclient.netty.channel.ChannelManager - Adding key: http://127.0.0.1:4723 for channel [id: 0xedfc4e9b, L:/127.0.0.1:57192 - R:/127.0.0.1:4723]
13:56:49.515 [Forwarding isElementDisplayed on session e995314c-71c3-494d-9525-7c65c326857f to remote] DEBUG org.asynchttpclient.netty.request.NettyRequestSender - Using pooled Channel '[id: 0xedfc4e9b, L:/127.0.0.1:57192 - R:/127.0.0.1:4723]' for 'GET' to 'http://127.0.0.1:4723/wd/hub/session/e995314c-71c3-494d-9525-7c65c326857f/element/00000000-0000-0013-0000-006a00000003/displayed'
13:56:49.516 [Forwarding isElementDisplayed on session e995314c-71c3-494d-9525-7c65c326857f to remote] DEBUG org.asynchttpclient.netty.request.NettyRequestSender - Using open Channel [id: 0xedfc4e9b, L:/127.0.0.1:57192 - R:/127.0.0.1:4723] for GET '/wd/hub/session/e995314c-71c3-494d-9525-7c65c326857f/element/00000000-0000-0013-0000-006a00000003/displayed'
13:56:49.580 [AsyncHttpClient-1-2] DEBUG org.asynchttpclient.netty.handler.HttpHandler - 

Request DefaultFullHttpRequest(decodeResult: success, version: HTTP/1.1, content: EmptyByteBufBE)
GET /wd/hub/session/e995314c-71c3-494d-9525-7c65c326857f/element/00000000-0000-0013-0000-006a00000003/displayed HTTP/1.1
User-Agent: appium/8.3.0 (selenium/4.8.1 (java windows))
Cache-Control: no-cache
Content-Type: application/json; charset=utf-8
host: 127.0.0.1:4723
accept: */*

Response DefaultHttpResponse(decodeResult: success, version: HTTP/1.1)
HTTP/1.1 200 OK
X-Powered-By: Express
Content-Type: application/json; charset=utf-8
Content-Length: 14
ETag: W/"e-2ZHvAWebNQpyjGZTg6uyV8/spTo"
Date: Thu, 22 Jun 2023 06:56:49 GMT
Connection: keep-alive

13:56:49.581 [AsyncHttpClient-1-2] DEBUG org.asynchttpclient.netty.channel.ChannelManager - Adding key: http://127.0.0.1:4723 for channel [id: 0xedfc4e9b, L:/127.0.0.1:57192 - R:/127.0.0.1:4723]
13:56:49.583 [Forwarding isElementEnabled on session e995314c-71c3-494d-9525-7c65c326857f to remote] DEBUG org.asynchttpclient.netty.request.NettyRequestSender - Using pooled Channel '[id: 0xedfc4e9b, L:/127.0.0.1:57192 - R:/127.0.0.1:4723]' for 'GET' to 'http://127.0.0.1:4723/wd/hub/session/e995314c-71c3-494d-9525-7c65c326857f/element/00000000-0000-0013-0000-006a00000003/enabled'
13:56:49.583 [Forwarding isElementEnabled on session e995314c-71c3-494d-9525-7c65c326857f to remote] DEBUG org.asynchttpclient.netty.request.NettyRequestSender - Using open Channel [id: 0xedfc4e9b, L:/127.0.0.1:57192 - R:/127.0.0.1:4723] for GET '/wd/hub/session/e995314c-71c3-494d-9525-7c65c326857f/element/00000000-0000-0013-0000-006a00000003/enabled'
13:56:49.630 [AsyncHttpClient-1-2] DEBUG org.asynchttpclient.netty.handler.HttpHandler - 

Request DefaultFullHttpRequest(decodeResult: success, version: HTTP/1.1, content: EmptyByteBufBE)
GET /wd/hub/session/e995314c-71c3-494d-9525-7c65c326857f/element/00000000-0000-0013-0000-006a00000003/enabled HTTP/1.1
User-Agent: appium/8.3.0 (selenium/4.8.1 (java windows))
Cache-Control: no-cache
Content-Type: application/json; charset=utf-8
host: 127.0.0.1:4723
accept: */*

Response DefaultHttpResponse(decodeResult: success, version: HTTP/1.1)
HTTP/1.1 200 OK
X-Powered-By: Express
Content-Type: application/json; charset=utf-8
Content-Length: 14
ETag: W/"e-2ZHvAWebNQpyjGZTg6uyV8/spTo"
Date: Thu, 22 Jun 2023 06:56:49 GMT
Connection: keep-alive

13:56:49.631 [AsyncHttpClient-1-2] DEBUG org.asynchttpclient.netty.channel.ChannelManager - Adding key: http://127.0.0.1:4723 for channel [id: 0xedfc4e9b, L:/127.0.0.1:57192 - R:/127.0.0.1:4723]
13:56:49.635 [Forwarding clickElement on session e995314c-71c3-494d-9525-7c65c326857f to remote] DEBUG org.asynchttpclient.netty.request.NettyRequestSender - Using pooled Channel '[id: 0xedfc4e9b, L:/127.0.0.1:57192 - R:/127.0.0.1:4723]' for 'POST' to 'http://127.0.0.1:4723/wd/hub/session/e995314c-71c3-494d-9525-7c65c326857f/element/00000000-0000-0013-0000-006a00000003/click'
13:56:49.635 [Forwarding clickElement on session e995314c-71c3-494d-9525-7c65c326857f to remote] DEBUG org.asynchttpclient.netty.request.NettyRequestSender - Using open Channel [id: 0xedfc4e9b, L:/127.0.0.1:57192 - R:/127.0.0.1:4723] for POST '/wd/hub/session/e995314c-71c3-494d-9525-7c65c326857f/element/00000000-0000-0013-0000-006a00000003/click'
13:56:49.755 [AsyncHttpClient-1-2] DEBUG org.asynchttpclient.netty.handler.HttpHandler - 

Request DefaultHttpRequest(decodeResult: success, version: HTTP/1.1)
POST /wd/hub/session/e995314c-71c3-494d-9525-7c65c326857f/element/00000000-0000-0013-0000-006a00000003/click HTTP/1.1
User-Agent: appium/8.3.0 (selenium/4.8.1 (java windows))
Content-Length: 50
Content-Type: application/json; charset=utf-8
host: 127.0.0.1:4723
accept: */*

Response DefaultHttpResponse(decodeResult: success, version: HTTP/1.1)
HTTP/1.1 200 OK
X-Powered-By: Express
Vary: X-HTTP-Method-Override
Content-Type: application/json; charset=utf-8
Content-Length: 14
ETag: W/"e-9/1BuKMgFObM1mWJm+YjxtXJnUM"
Date: Thu, 22 Jun 2023 06:56:49 GMT
Connection: keep-alive

13:56:49.755 [AsyncHttpClient-1-2] DEBUG org.asynchttpclient.netty.channel.ChannelManager - Adding key: http://127.0.0.1:4723 for channel [id: 0xedfc4e9b, L:/127.0.0.1:57192 - R:/127.0.0.1:4723]
]]></system-out>
  </testcase>
  <testcase name="user see detail produk" classname="sebagai user saya berhasil melihat detail produk berdasarkan kategori" time="2.81">
    <system-out><![CDATA[13:56:49.779 [Forwarding findElement on session e995314c-71c3-494d-9525-7c65c326857f to remote] DEBUG org.asynchttpclient.netty.request.NettyRequestSender - Using pooled Channel '[id: 0xedfc4e9b, L:/127.0.0.1:57192 - R:/127.0.0.1:4723]' for 'POST' to 'http://127.0.0.1:4723/wd/hub/session/e995314c-71c3-494d-9525-7c65c326857f/element'
13:56:49.779 [Forwarding findElement on session e995314c-71c3-494d-9525-7c65c326857f to remote] DEBUG org.asynchttpclient.netty.request.NettyRequestSender - Using open Channel [id: 0xedfc4e9b, L:/127.0.0.1:57192 - R:/127.0.0.1:4723] for POST '/wd/hub/session/e995314c-71c3-494d-9525-7c65c326857f/element'
13:56:51.467 [AsyncHttpClient-1-2] DEBUG org.asynchttpclient.netty.handler.HttpHandler - 

Request DefaultHttpRequest(decodeResult: success, version: HTTP/1.1)
POST /wd/hub/session/e995314c-71c3-494d-9525-7c65c326857f/element HTTP/1.1
User-Agent: appium/8.3.0 (selenium/4.8.1 (java windows))
Content-Length: 96
Content-Type: application/json; charset=utf-8
host: 127.0.0.1:4723
accept: */*

Response DefaultHttpResponse(decodeResult: success, version: HTTP/1.1)
HTTP/1.1 200 OK
X-Powered-By: Express
Vary: X-HTTP-Method-Override
Content-Type: application/json; charset=utf-8
Content-Length: 137
ETag: W/"89-jJVE7QydCgAEw1A9rZn3SnwEADc"
Date: Thu, 22 Jun 2023 06:56:51 GMT
Connection: keep-alive

13:56:51.468 [AsyncHttpClient-1-2] DEBUG org.asynchttpclient.netty.channel.ChannelManager - Adding key: http://127.0.0.1:4723 for channel [id: 0xedfc4e9b, L:/127.0.0.1:57192 - R:/127.0.0.1:4723]
13:56:51.473 [Forwarding isElementDisplayed on session e995314c-71c3-494d-9525-7c65c326857f to remote] DEBUG org.asynchttpclient.netty.request.NettyRequestSender - Using pooled Channel '[id: 0xedfc4e9b, L:/127.0.0.1:57192 - R:/127.0.0.1:4723]' for 'GET' to 'http://127.0.0.1:4723/wd/hub/session/e995314c-71c3-494d-9525-7c65c326857f/element/00000000-0000-0013-0000-008600000003/displayed'
13:56:51.473 [Forwarding isElementDisplayed on session e995314c-71c3-494d-9525-7c65c326857f to remote] DEBUG org.asynchttpclient.netty.request.NettyRequestSender - Using open Channel [id: 0xedfc4e9b, L:/127.0.0.1:57192 - R:/127.0.0.1:4723] for GET '/wd/hub/session/e995314c-71c3-494d-9525-7c65c326857f/element/00000000-0000-0013-0000-008600000003/displayed'
13:56:52.570 [AsyncHttpClient-1-2] DEBUG org.asynchttpclient.netty.handler.HttpHandler - 

Request DefaultFullHttpRequest(decodeResult: success, version: HTTP/1.1, content: EmptyByteBufBE)
GET /wd/hub/session/e995314c-71c3-494d-9525-7c65c326857f/element/00000000-0000-0013-0000-008600000003/displayed HTTP/1.1
User-Agent: appium/8.3.0 (selenium/4.8.1 (java windows))
Cache-Control: no-cache
Content-Type: application/json; charset=utf-8
host: 127.0.0.1:4723
accept: */*

Response DefaultHttpResponse(decodeResult: success, version: HTTP/1.1)
HTTP/1.1 200 OK
X-Powered-By: Express
Content-Type: application/json; charset=utf-8
Content-Length: 14
ETag: W/"e-2ZHvAWebNQpyjGZTg6uyV8/spTo"
Date: Thu, 22 Jun 2023 06:56:52 GMT
Connection: keep-alive

13:56:52.571 [AsyncHttpClient-1-2] DEBUG org.asynchttpclient.netty.channel.ChannelManager - Adding key: http://127.0.0.1:4723 for channel [id: 0xedfc4e9b, L:/127.0.0.1:57192 - R:/127.0.0.1:4723]
]]></system-out>
  </testcase>
</testsuite>